info: Jul-09-2025 12:56:18: 🎬 Scenario Started: Login_should_not_be_success
info: Jul-09-2025 12:56:27: 🛑 Scenario Finished
info: Jul-09-2025 12:57:55: 🎬 Scenario Started: Login_should_not_be_success
info: Jul-09-2025 13:01:53: 🎬 Scenario Started: Login_should_not_be_success
info: Jul-09-2025 13:03:49: 🎬 Scenario Started: Login_should_not_be_success
info: Jul-09-2025 13:03:58: Navigated to application
info: Jul-09-2025 13:03:59: Clicked login button
info: Jul-09-2025 13:03:59: Entered username: D2
info: Jul-09-2025 13:04:00: Entered password
info: Jul-09-2025 13:04:00: Clicked login
info: Jul-09-2025 13:04:00: Login failed with error: Password is required
info: Jul-09-2025 13:04:00: 🛑 Scenario Finished
info: Jul-09-2025 14:02:36: 🎬 Scenario Started: Login_should_not_be_success
info: Jul-09-2025 14:02:43: Navigated to application
info: Jul-09-2025 14:02:43: Clicked login button
info: Jul-09-2025 14:02:44: Entered username: D2
info: Jul-09-2025 14:02:45: Entered password
info: Jul-09-2025 14:02:45: Clicked login
info: Jul-09-2025 14:02:45: Login failed with error: Password is required
info: Jul-09-2025 14:02:45: 🛑 Scenario Finished
info: Jul-09-2025 14:04:28: 🎬 Scenario Started: Login_should_not_be_success
info: Jul-09-2025 14:04:36: Navigated to application
info: Jul-09-2025 14:04:36: Clicked login button
info: Jul-09-2025 14:04:36: Entered username: D2
info: Jul-09-2025 14:04:37: Entered password
info: Jul-09-2025 14:04:37: Clicked login
info: Jul-09-2025 14:04:37: Login failed with error: Password is required
info: Jul-09-2025 14:04:37: 🛑 Scenario Finished
info: Jul-09-2025 21:32:30:  Scenario Started: Login_should_not_be_success
info: Jul-09-2025 21:32:37: Navigated to application
info: Jul-09-2025 21:32:37: Clicked login button
info: Jul-09-2025 21:32:38: Entered username: D2
info: Jul-09-2025 21:32:39: Entered password
info: Jul-09-2025 21:32:39: Login failed with error: Password is required
info: Jul-09-2025 21:32:39:  Scenario Finished
info: Jul-10-2025 07:05:58:  Scenario Started: Login_should_not_be_success
info: Jul-10-2025 07:13:19:  Scenario Started: Login_should_not_be_success
info: Jul-10-2025 07:13:25: Navigated to application
info: Jul-10-2025 07:13:25: Clicked login button
info: Jul-10-2025 07:13:26: Entered username: D2
info: Jul-10-2025 07:13:26: Entered password
info: Jul-10-2025 07:13:27: Login failed with error: Password is required
info: Jul-10-2025 07:13:27:  Scenario Finished
info: Jul-10-2025 07:15:35:  Scenario Started: Login_should_not_be_success
info: Jul-10-2025 07:15:41: Navigated to application
info: Jul-10-2025 07:15:41: Clicked login button
info: Jul-10-2025 07:15:42: Entered username: D2
info: Jul-10-2025 07:15:42: Entered password
info: Jul-10-2025 07:15:42: Login failed with error: Password is required
info: Jul-10-2025 07:15:42:  Scenario Finished
info: Jul-10-2025 07:26:44:  Scenario Started: Login_should_not_be_success
info: Jul-10-2025 07:28:56:  Scenario Started: Login_should_not_be_success
info: Jul-10-2025 07:29:04: Navigated to application
info: Jul-10-2025 07:29:05: Clicked login button
info: Jul-10-2025 07:29:05: Entered username: D2
info: Jul-10-2025 07:29:06: Entered password
info: Jul-10-2025 07:29:08: Login failed with error: Password is required
info: Jul-10-2025 07:29:08:  Scenario Finished
info: Jul-10-2025 07:36:38:  Scenario Started: Login_should_not_be_success
info: Jul-10-2025 07:36:44: Navigated to application
info: Jul-10-2025 07:36:45: Clicked login button
info: Jul-10-2025 07:36:45: Entered username: D2
info: Jul-10-2025 07:36:46: Entered password
info: Jul-10-2025 07:36:46: Login failed with error: Password is required
info: Jul-10-2025 07:36:46:  Scenario Finished
info: Jul-10-2025 07:38:06:  Scenario Started: Login_should_not_be_success
info: Jul-10-2025 07:38:13: Navigated to application
info: Jul-10-2025 07:38:16: Clicked login button
info: Jul-10-2025 07:38:17: Entered username: D2
info: Jul-10-2025 07:38:18: Entered password
info: Jul-10-2025 07:38:18: Login failed with error: Password is required
info: Jul-10-2025 07:38:18:  Scenario Finished
info: Jul-10-2025 07:39:51:  Scenario Started: Login_should_not_be_success
info: Jul-10-2025 07:39:58: Navigated to application
info: Jul-10-2025 07:39:58: Clicked login button
info: Jul-10-2025 07:40:01: Entered username: D2
info: Jul-10-2025 07:40:01: Entered password
info: Jul-10-2025 07:40:01: Login failed with error: Password is required
info: Jul-10-2025 07:40:01:  Scenario Finished
info: Jul-10-2025 10:51:28:  Scenario Started: Login_should_not_be_success
info: Jul-10-2025 10:51:43: Navigated to application
info: Jul-10-2025 10:51:43: Clicked login button
info: Jul-10-2025 10:51:45: Entered username: D2
info: Jul-10-2025 10:51:45: Entered password
info: Jul-10-2025 10:51:46: Login failed with error: Password is required
info: Jul-10-2025 10:51:46:  Scenario Finished
info: Jul-10-2025 10:53:46:  Scenario Started: Login_should_not_be_success
info: Jul-10-2025 10:53:52: Navigated to application
info: Jul-10-2025 10:53:53: Clicked login button
info: Jul-10-2025 10:53:53: Entered username: D2
info: Jul-10-2025 10:53:53: Entered password
info: Jul-10-2025 10:53:54: Login failed with error: Password is required
info: Jul-10-2025 10:53:54:  Scenario Finished
info: Jul-10-2025 11:01:40:  Scenario Started: Login_should_not_be_success
info: Jul-10-2025 11:01:58: Navigated to application
info: Jul-10-2025 11:01:59: Clicked login button
info: Jul-10-2025 11:02:01: Entered username: D2
info: Jul-10-2025 11:02:01: Entered password
info: Jul-10-2025 11:02:04:  Scenario Finished
info: Jul-10-2025 11:03:36:  Scenario Started: Login_should_not_be_success
info: Jul-10-2025 11:03:43: Navigated to application
info: Jul-10-2025 11:03:43: Clicked login button
info: Jul-10-2025 11:03:44: Entered username: D2
info: Jul-10-2025 11:03:44: Entered password
info: Jul-10-2025 11:03:44: Login failed with error: Password is required
info: Jul-10-2025 11:03:44:  Scenario Finished
info: Jul-10-2025 11:26:19:  Scenario Started: Login_should_not_be_success
info: Jul-10-2025 11:26:29: Navigated to application
info: Jul-10-2025 11:26:29: Clicked login button
info: Jul-10-2025 11:26:30: Entered username: D2
info: Jul-10-2025 11:26:30: Entered password
info: Jul-10-2025 11:26:30: Login failed with error: Password is required
info: Jul-10-2025 11:26:30:  Scenario Finished
