info: Jul-09-2025 12:56:14: 🎬 Scenario Started: Login_should_be_success
info: Jul-09-2025 12:57:32: 🎬 Scenario Started: Login_should_be_success
info: Jul-09-2025 12:57:37: 🛑 Scenario Finished
info: Jul-09-2025 12:57:54: 🛑 Scenario Finished
info: Jul-09-2025 13:01:48: 🎬 Scenario Started: Login_should_be_success
info: Jul-09-2025 13:01:53: 🛑 Scenario Finished
info: Jul-09-2025 13:03:39: 🎬 Scenario Started: Login_should_be_success
info: Jul-09-2025 13:03:45: Navigated to application
info: Jul-09-2025 13:03:45: Clicked login button
info: Jul-09-2025 13:03:46: Entered username: D1
info: Jul-09-2025 13:03:46: Entered password
info: Jul-09-2025 13:03:46: Clicked login
info: Jul-09-2025 13:03:46: Login success text: 
info: Jul-09-2025 13:03:46: 🛑 Scenario Finished
info: Jul-09-2025 14:02:32: 🎬 Scenario Started: Login_should_be_success
info: Jul-09-2025 14:04:15: 🎬 Scenario Started: Login_should_be_success
info: Jul-09-2025 14:04:23: Navigated to application
info: Jul-09-2025 14:04:24: Clicked login button
info: Jul-09-2025 14:04:24: Entered username: D1
info: Jul-09-2025 14:04:24: Entered password
info: Jul-09-2025 14:04:25: Clicked login
info: Jul-09-2025 14:04:25: Login success text: 
info: Jul-09-2025 14:04:25: 🛑 Scenario Finished
info: Jul-09-2025 21:32:11:  Scenario Started: Login_should_be_success
info: Jul-09-2025 21:32:23: Navigated to application
info: Jul-09-2025 21:32:24: Clicked login button
info: Jul-09-2025 21:32:24: Entered username: D1
info: Jul-09-2025 21:32:25: Entered password
info: Jul-09-2025 21:32:26: Login success text: 
info: Jul-09-2025 21:32:26:  Scenario Finished
info: Jul-10-2025 07:05:29:  Scenario Started: Login_should_be_success
info: Jul-10-2025 07:05:32:  Scenario Finished
info: Jul-10-2025 07:05:32:  Scenario Started: Login_should_be_success
info: Jul-10-2025 07:05:45:  Scenario Finished
info: Jul-10-2025 07:05:45:  Scenario Started: Login_should_be_success
info: Jul-10-2025 07:05:58:  Scenario Finished
info: Jul-10-2025 07:12:44:  Scenario Started: Login_should_be_success
info: Jul-10-2025 07:12:48:  Scenario Started: Login_should_be_success
info: Jul-10-2025 07:12:51: Navigated to application
info: Jul-10-2025 07:12:57:  Scenario Finished
info: Jul-10-2025 07:13:01:  Scenario Started: Login_should_be_success
info: Jul-10-2025 07:13:12: Navigated to application
info: Jul-10-2025 07:13:13: Clicked login button
info: Jul-10-2025 07:13:14: Entered username: D1
info: Jul-10-2025 07:13:15: Entered password
info: Jul-10-2025 07:13:15: Login success text: 
info: Jul-10-2025 07:13:15:  Scenario Finished
info: Jul-10-2025 07:14:58:  Scenario Started: Login_should_be_success
info: Jul-10-2025 07:15:03: Navigated to application
info: Jul-10-2025 07:15:04: Clicked login button
info: Jul-10-2025 07:15:04: Entered username: D1
info: Jul-10-2025 07:15:04: Entered password
info: Jul-10-2025 07:15:05:  Scenario Finished
info: Jul-10-2025 07:15:08:  Scenario Started: Login_should_be_success
info: Jul-10-2025 07:15:15: Navigated to application
info: Jul-10-2025 07:15:16: Clicked login button
info: Jul-10-2025 07:15:16: Entered username: D2
info: Jul-10-2025 07:15:17: Entered password
info: Jul-10-2025 07:15:17:  Scenario Finished
info: Jul-10-2025 07:15:20:  Scenario Started: Login_should_be_success
info: Jul-10-2025 07:15:28: Navigated to application
info: Jul-10-2025 07:15:29: Clicked login button
info: Jul-10-2025 07:15:29: Entered username: D1
info: Jul-10-2025 07:15:30: Entered password
info: Jul-10-2025 07:15:30: Login success text: 
info: Jul-10-2025 07:15:31:  Scenario Finished
info: Jul-10-2025 07:26:15:  Scenario Started: Login_should_be_success
info: Jul-10-2025 07:26:19:  Scenario Started: Login_should_be_success
info: Jul-10-2025 07:26:25: Navigated to application
info: Jul-10-2025 07:26:26: Clicked login button
info: Jul-10-2025 07:26:27: Entered username: D2
info: Jul-10-2025 07:26:27: Entered password
info: Jul-10-2025 07:26:27:  Scenario Finished
info: Jul-10-2025 07:26:37:  Scenario Finished
info: Jul-10-2025 07:26:37:  Scenario Started: Login_should_be_success
info: Jul-10-2025 07:26:43:  Scenario Finished
info: Jul-10-2025 07:28:20:  Scenario Started: Login_should_be_success
info: Jul-10-2025 07:28:25: Navigated to application
info: Jul-10-2025 07:28:26: Clicked login button
info: Jul-10-2025 07:28:26: Entered username: D1
info: Jul-10-2025 07:28:26: Entered password
info: Jul-10-2025 07:28:27:  Scenario Finished
info: Jul-10-2025 07:28:29:  Scenario Started: Login_should_be_success
info: Jul-10-2025 07:28:35: Navigated to application
info: Jul-10-2025 07:28:35: Clicked login button
info: Jul-10-2025 07:28:35: Entered username: D2
info: Jul-10-2025 07:28:35: Entered password
info: Jul-10-2025 07:28:36:  Scenario Finished
info: Jul-10-2025 07:28:40:  Scenario Started: Login_should_be_success
info: Jul-10-2025 07:28:48: Navigated to application
info: Jul-10-2025 07:28:48: Clicked login button
info: Jul-10-2025 07:28:49: Entered username: D1
info: Jul-10-2025 07:28:49: Entered password
info: Jul-10-2025 07:28:51: Login success text:  D1
info: Jul-10-2025 07:28:51:  Scenario Finished
info: Jul-10-2025 07:36:09:  Scenario Started: Login_should_be_success
info: Jul-10-2025 07:36:14:  Scenario Started: Login_should_be_success
info: Jul-10-2025 07:36:19: Navigated to application
info: Jul-10-2025 07:36:20: Clicked login button
info: Jul-10-2025 07:36:21: Entered username: D2
info: Jul-10-2025 07:36:21: Entered password
info: Jul-10-2025 07:36:22:  Scenario Finished
info: Jul-10-2025 07:36:26:  Scenario Started: Login_should_be_success
info: Jul-10-2025 07:36:31: Navigated to application
info: Jul-10-2025 07:36:32: Clicked login button
info: Jul-10-2025 07:36:33: Entered username: D1
info: Jul-10-2025 07:36:33: Entered password
info: Jul-10-2025 07:36:33: Login success text: 
info: Jul-10-2025 07:36:33:  Scenario Finished
info: Jul-10-2025 07:37:34:  Scenario Started: Login_should_be_success
info: Jul-10-2025 07:37:39: Navigated to application
info: Jul-10-2025 07:37:40: Clicked login button
info: Jul-10-2025 07:37:40: Entered username: D1
info: Jul-10-2025 07:37:40: Entered password
info: Jul-10-2025 07:37:41:  Scenario Finished
info: Jul-10-2025 07:37:44:  Scenario Started: Login_should_be_success
info: Jul-10-2025 07:37:45: Navigated to application
info: Jul-10-2025 07:37:50:  Scenario Finished
info: Jul-10-2025 07:37:55:  Scenario Started: Login_should_be_success
info: Jul-10-2025 07:38:01: Navigated to application
info: Jul-10-2025 07:38:02: Clicked login button
info: Jul-10-2025 07:38:03: Entered username: D1
info: Jul-10-2025 07:38:03: Entered password
info: Jul-10-2025 07:38:03: Login success text: 
info: Jul-10-2025 07:38:03:  Scenario Finished
info: Jul-10-2025 07:39:16:  Scenario Started: Login_should_be_success
info: Jul-10-2025 07:39:21: Navigated to application
info: Jul-10-2025 07:39:21: Clicked login button
info: Jul-10-2025 07:39:22: Entered username: D1
info: Jul-10-2025 07:39:22: Entered password
info: Jul-10-2025 07:39:25:  Scenario Finished
info: Jul-10-2025 07:39:28:  Scenario Started: Login_should_be_success
info: Jul-10-2025 07:39:33: Navigated to application
info: Jul-10-2025 07:39:33: Clicked login button
info: Jul-10-2025 07:39:34: Entered username: D2
info: Jul-10-2025 07:39:34: Entered password
info: Jul-10-2025 07:39:37:  Scenario Finished
info: Jul-10-2025 07:39:41:  Scenario Started: Login_should_be_success
info: Jul-10-2025 07:39:46: Navigated to application
info: Jul-10-2025 07:39:47: Clicked login button
info: Jul-10-2025 07:39:47: Entered username: D1
info: Jul-10-2025 07:39:47: Entered password
info: Jul-10-2025 07:39:48: Login success text: 
info: Jul-10-2025 07:39:48:  Scenario Finished
info: Jul-10-2025 07:53:53:  Scenario Started: Login_should_be_success
info: Jul-10-2025 07:53:57:  Scenario Finished
info: Jul-10-2025 10:50:44:  Scenario Started: Login_should_be_success
info: Jul-10-2025 10:50:48:  Scenario Started: Login_should_be_success
info: Jul-10-2025 10:50:56: Navigated to application
info: Jul-10-2025 10:50:58: Clicked login button
info: Jul-10-2025 10:50:58: Entered username: D2
info: Jul-10-2025 10:50:59: Entered password
info: Jul-10-2025 10:51:04:  Scenario Finished
info: Jul-10-2025 10:51:07:  Scenario Started: Login_should_be_success
info: Jul-10-2025 10:51:17: Navigated to application
info: Jul-10-2025 10:51:19: Clicked login button
info: Jul-10-2025 10:51:20: Entered username: D1
info: Jul-10-2025 10:51:22: Entered password
info: Jul-10-2025 10:51:23: Login success text: 
info: Jul-10-2025 10:51:24:  Scenario Finished
info: Jul-10-2025 10:53:01:  Scenario Started: Login_should_be_success
info: Jul-10-2025 10:53:08: Navigated to application
info: Jul-10-2025 10:53:08: Clicked login button
info: Jul-10-2025 10:53:09: Entered username: D1
info: Jul-10-2025 10:53:09: Entered password
info: Jul-10-2025 10:53:12:  Scenario Finished
info: Jul-10-2025 10:53:16:  Scenario Started: Login_should_be_success
info: Jul-10-2025 10:53:22: Navigated to application
info: Jul-10-2025 10:53:23: Clicked login button
info: Jul-10-2025 10:53:24: Entered username: D2
info: Jul-10-2025 10:53:24: Entered password
info: Jul-10-2025 10:53:27:  Scenario Finished
info: Jul-10-2025 10:53:32:  Scenario Started: Login_should_be_success
info: Jul-10-2025 10:53:39: Navigated to application
info: Jul-10-2025 10:53:40: Clicked login button
info: Jul-10-2025 10:53:41: Entered username: D1
info: Jul-10-2025 10:53:41: Entered password
info: Jul-10-2025 10:53:41: Login success text: 
info: Jul-10-2025 10:53:41:  Scenario Finished
info: Jul-10-2025 11:01:18:  Scenario Started: Login_should_be_success
info: Jul-10-2025 11:01:33: Navigated to application
info: Jul-10-2025 11:01:35: Clicked login button
info: Jul-10-2025 11:01:36: Entered username: D1
info: Jul-10-2025 11:01:36: Entered password
info: Jul-10-2025 11:01:36:  Scenario Finished
info: Jul-10-2025 11:02:57:  Scenario Started: Login_should_be_success
info: Jul-10-2025 11:03:06: Navigated to application
info: Jul-10-2025 11:03:06: Clicked login button
info: Jul-10-2025 11:03:07: Entered username: D1
info: Jul-10-2025 11:03:07: Entered password
info: Jul-10-2025 11:03:09:  Scenario Finished
info: Jul-10-2025 11:03:12:  Scenario Started: Login_should_be_success
info: Jul-10-2025 11:03:19: Navigated to application
info: Jul-10-2025 11:03:19: Clicked login button
info: Jul-10-2025 11:03:20: Entered username: D2
info: Jul-10-2025 11:03:20: Entered password
info: Jul-10-2025 11:03:23:  Scenario Finished
info: Jul-10-2025 11:03:26:  Scenario Started: Login_should_be_success
info: Jul-10-2025 11:03:33: Navigated to application
info: Jul-10-2025 11:03:33: Clicked login button
info: Jul-10-2025 11:03:34: Entered username: D1
info: Jul-10-2025 11:03:34: Entered password
info: Jul-10-2025 11:03:34: Login success text: 
info: Jul-10-2025 11:03:34:  Scenario Finished
info: Jul-10-2025 11:25:23:  Scenario Started: Login_should_be_success
info: Jul-10-2025 11:25:36: Navigated to application
info: Jul-10-2025 11:25:37: Clicked login button
info: Jul-10-2025 11:25:38: Entered username: D1
info: Jul-10-2025 11:25:38: Entered password
info: Jul-10-2025 11:25:42:  Scenario Finished
info: Jul-10-2025 11:25:44:  Scenario Started: Login_should_be_success
info: Jul-10-2025 11:25:57: Navigated to application
info: Jul-10-2025 11:25:58: Clicked login button
info: Jul-10-2025 11:25:58: Entered username: D2
info: Jul-10-2025 11:25:59: Entered password
info: Jul-10-2025 11:26:01:  Scenario Finished
info: Jul-10-2025 11:26:05:  Scenario Started: Login_should_be_success
info: Jul-10-2025 11:26:14: Navigated to application
info: Jul-10-2025 11:26:15: Clicked login button
info: Jul-10-2025 11:26:15: Entered username: D1
info: Jul-10-2025 11:26:16: Entered password
info: Jul-10-2025 11:26:16: Login success text: 
info: Jul-10-2025 11:26:16:  Scenario Finished
